# JRE version: Java(TM) SE Runtime Environment 18.9 (11.0.20+9) (build 11.0.20+9-LTS-256)
# Java VM: Java HotSpot(TM) 64-Bit Server VM 18.9 (11.0.20+9-LTS-256, mixed mode, tiered, compressed oops, g1 gc, bsd-aarch64)
Heap:
 garbage-first heap   total 69632K, used 2559K [0x0000000780000000, 0x00000007c0000000)
  region size 1024K, 2 young (2048K), 1 survivors (1024K)
 Metaspace       used 7731K, capacity 7889K, committed 7936K, reserved 1056768K
  class space    used 695K, capacity 752K, committed 768K, reserved 1048576K
GC Heap History (10 events):
Event: 0.131 GC heap before
{Heap before GC invocations=3 (full 2):
 garbage-first heap   total 8192K, used 3961K [0x0000000780000000, 0x00000007c0000000)
  region size 1024K, 3 young (3072K), 1 survivors (1024K)
 Metaspace       used 7700K, capacity 7824K, committed 7936K, reserved 1056768K
  class space    used 695K, capacity 752K, committed 768K, reserved 1048576K
}
Event: 0.132 GC heap after
{Heap after GC invocations=4 (full 2):
 garbage-first heap   total 8192K, used 2133K [0x0000000780000000, 0x00000007c0000000)
  region size 1024K, 1 young (1024K), 1 survivors (1024K)
 Metaspace       used 7700K, capacity 7824K, committed 7936K, reserved 1056768K
  class space    used 695K, capacity 752K, committed 768K, reserved 1048576K
}
Event: 0.135 GC heap before
{Heap before GC invocations=4 (full 2):
 garbage-first heap   total 8192K, used 4181K [0x0000000780000000, 0x00000007c0000000)
  region size 1024K, 3 young (3072K), 1 survivors (1024K)
 Metaspace       used 7725K, capacity 7825K, committed 7936K, reserved 1056768K
  class space    used 695K, capacity 752K, committed 768K, reserved 1048576K
}
Event: 0.135 GC heap after
{Heap after GC invocations=5 (full 2):
 garbage-first heap   total 8192K, used 2335K [0x0000000780000000, 0x00000007c0000000)
  region size 1024K, 1 young (1024K), 1 survivors (1024K)
 Metaspace       used 7725K, capacity 7825K, committed 7936K, reserved 1056768K
  class space    used 695K, capacity 752K, committed 768K, reserved 1048576K
}
Event: 0.136 GC heap before
{Heap before GC invocations=5 (full 2):
 garbage-first heap   total 8192K, used 3359K [0x0000000780000000, 0x00000007c0000000)
  region size 1024K, 2 young (2048K), 1 survivors (1024K)
 Metaspace       used 7728K, capacity 7825K, committed 7936K, reserved 1056768K
  class space    used 695K, capacity 752K, committed 768K, reserved 1048576K
}
Event: 0.137 GC heap after
{Heap after GC invocations=6 (full 2):
 garbage-first heap   total 8192K, used 2394K [0x0000000780000000, 0x00000007c0000000)
  region size 1024K, 1 young (1024K), 1 survivors (1024K)
 Metaspace       used 7728K, capacity 7825K, committed 7936K, reserved 1056768K
  class space    used 695K, capacity 752K, committed 768K, reserved 1048576K
}
Event: 0.138 GC heap before
{Heap before GC invocations=6 (full 2):
 garbage-first heap   total 8192K, used 3418K [0x0000000780000000, 0x00000007c0000000)
  region size 1024K, 2 young (2048K), 1 survivors (1024K)
 Metaspace       used 7729K, capacity 7889K, committed 7936K, reserved 1056768K
  class space    used 695K, capacity 752K, committed 768K, reserved 1048576K
}
Event: 0.138 GC heap after
{Heap after GC invocations=7 (full 2):
 garbage-first heap   total 8192K, used 2453K [0x0000000780000000, 0x00000007c0000000)
  region size 1024K, 1 young (1024K), 1 survivors (1024K)
 Metaspace       used 7729K, capacity 7889K, committed 7936K, reserved 1056768K
  class space    used 695K, capacity 752K, committed 768K, reserved 1048576K
}
Event: 0.138 GC heap before
{Heap before GC invocations=7 (full 2):
 garbage-first heap   total 8192K, used 3477K [0x0000000780000000, 0x00000007c0000000)
  region size 1024K, 2 young (2048K), 1 survivors (1024K)
 Metaspace       used 7730K, capacity 7889K, committed 7936K, reserved 1056768K
  class space    used 695K, capacity 752K, committed 768K, reserved 1048576K
}
Event: 0.139 GC heap after
{Heap after GC invocations=8 (full 2):
 garbage-first heap   total 69632K, used 2559K [0x0000000780000000, 0x00000007c0000000)
  region size 1024K, 1 young (1024K), 1 survivors (1024K)
 Metaspace       used 7730K, capacity 7889K, committed 7936K, reserved 1056768K
  class space    used 695K, capacity 752K, committed 768K, reserved 1048576K
}

