# JRE version: Java(TM) SE Runtime Environment 18.9 (11.0.20+9) (build 11.0.20+9-LTS-256)
# Java VM: Java HotSpot(TM) 64-Bit Server VM 18.9 (11.0.20+9-LTS-256, mixed mode, tiered, compressed oops, g1 gc, bsd-aarch64)
Heap:
 garbage-first heap   total 69632K, used 3587K [0x0000000780000000, 0x00000007c0000000)
  region size 1024K, 3 young (3072K), 1 survivors (1024K)
 Metaspace       used 7739K, capacity 7889K, committed 7936K, reserved 1056768K
  class space    used 695K, capacity 752K, committed 768K, reserved 1048576K
GC Heap History (10 events):
Event: 0.135 GC heap before
{Heap before GC invocations=3 (full 2):
 garbage-first heap   total 8192K, used 3945K [0x0000000780000000, 0x00000007c0000000)
  region size 1024K, 3 young (3072K), 1 survivors (1024K)
 Metaspace       used 7707K, capacity 7824K, committed 7936K, reserved 1056768K
  class space    used 695K, capacity 752K, committed 768K, reserved 1048576K
}
Event: 0.135 GC heap after
{Heap after GC invocations=4 (full 2):
 garbage-first heap   total 8192K, used 2134K [0x0000000780000000, 0x00000007c0000000)
  region size 1024K, 1 young (1024K), 1 survivors (1024K)
 Metaspace       used 7707K, capacity 7824K, committed 7936K, reserved 1056768K
  class space    used 695K, capacity 752K, committed 768K, reserved 1048576K
}
Event: 0.138 GC heap before
{Heap before GC invocations=4 (full 2):
 garbage-first heap   total 8192K, used 4182K [0x0000000780000000, 0x00000007c0000000)
  region size 1024K, 3 young (3072K), 1 survivors (1024K)
 Metaspace       used 7734K, capacity 7889K, committed 7936K, reserved 1056768K
  class space    used 695K, capacity 752K, committed 768K, reserved 1048576K
}
Event: 0.138 GC heap after
{Heap after GC invocations=5 (full 2):
 garbage-first heap   total 8192K, used 2273K [0x0000000780000000, 0x00000007c0000000)
  region size 1024K, 1 young (1024K), 1 survivors (1024K)
 Metaspace       used 7734K, capacity 7889K, committed 7936K, reserved 1056768K
  class space    used 695K, capacity 752K, committed 768K, reserved 1048576K
}
Event: 0.140 GC heap before
{Heap before GC invocations=5 (full 2):
 garbage-first heap   total 8192K, used 3297K [0x0000000780000000, 0x00000007c0000000)
  region size 1024K, 2 young (2048K), 1 survivors (1024K)
 Metaspace       used 7736K, capacity 7889K, committed 7936K, reserved 1056768K
  class space    used 695K, capacity 752K, committed 768K, reserved 1048576K
}
Event: 0.140 GC heap after
{Heap after GC invocations=6 (full 2):
 garbage-first heap   total 8192K, used 2353K [0x0000000780000000, 0x00000007c0000000)
  region size 1024K, 1 young (1024K), 1 survivors (1024K)
 Metaspace       used 7736K, capacity 7889K, committed 7936K, reserved 1056768K
  class space    used 695K, capacity 752K, committed 768K, reserved 1048576K
}
Event: 0.141 GC heap before
{Heap before GC invocations=6 (full 2):
 garbage-first heap   total 8192K, used 3377K [0x0000000780000000, 0x00000007c0000000)
  region size 1024K, 2 young (2048K), 1 survivors (1024K)
 Metaspace       used 7736K, capacity 7889K, committed 7936K, reserved 1056768K
  class space    used 695K, capacity 752K, committed 768K, reserved 1048576K
}
Event: 0.141 GC heap after
{Heap after GC invocations=7 (full 2):
 garbage-first heap   total 8192K, used 2453K [0x0000000780000000, 0x00000007c0000000)
  region size 1024K, 1 young (1024K), 1 survivors (1024K)
 Metaspace       used 7736K, capacity 7889K, committed 7936K, reserved 1056768K
  class space    used 695K, capacity 752K, committed 768K, reserved 1048576K
}
Event: 0.142 GC heap before
{Heap before GC invocations=7 (full 2):
 garbage-first heap   total 8192K, used 3477K [0x0000000780000000, 0x00000007c0000000)
  region size 1024K, 2 young (2048K), 1 survivors (1024K)
 Metaspace       used 7736K, capacity 7889K, committed 7936K, reserved 1056768K
  class space    used 695K, capacity 752K, committed 768K, reserved 1048576K
}
Event: 0.142 GC heap after
{Heap after GC invocations=8 (full 2):
 garbage-first heap   total 69632K, used 2563K [0x0000000780000000, 0x00000007c0000000)
  region size 1024K, 1 young (1024K), 1 survivors (1024K)
 Metaspace       used 7736K, capacity 7889K, committed 7936K, reserved 1056768K
  class space    used 695K, capacity 752K, committed 768K, reserved 1048576K
}

